
ROM used:   201/8192 (2%)
            201/8192 (2%) including unused fragments

            0.2 Average locations per line
            10.6 Average locations per statement

RAM used:   8/368 (2%) at main() level
            12/368 (3%) worst case

Stack used: 0 worst case (0 in main + 0 for interrupts)
Stack size: 8

Lines Stmts  %   Files
----- ----- ---  -----
   53    19 100  Bluetooth HM-10.c
  810     0   0  ..\..\..\..\..\..\..\..\..\..\Program Files (x86)\PICCDEMO\Devices\16F887.h
----- -----
  863    19 Total

Page ROM  %  RAM    Vol Diff  Functions:
---- --- --- ---    --- ----  ----------
0     94  47    1    415  4.5  main
0      7   3    0             @const712
0     88  44    4             @PSTRINGC7_9600_62_63
0      8   4    0             @const717
 Inline         0             @cinit1

Program metrics:
    Functions               1
    Statements              19
    Comments                177
    Volume (V)              425
    Difficulty (D)          4.0
    Effort to implement (E) 1713
    Time to implement (T)   2 minutes
    Est Delivered Bugs (B)  0
    Cyclomatic Complexity   4
    Maintainability (MI)    140

 Segment     Used  Free
-----------  ----  ----
00000-00003     4  0  
00004-007FF   197  1847  
00800-00FFF     0  2048  
01000-017FF     0  2048  
01800-01FFF     0  2048  



